<?xml version="1.0" encoding="UTF-8"?>
<!-- Generated by org.testng.reporters.JUnitReportReporter -->
<testsuite hostname="WINDOWS-10NJMLJ" failures="0" tests="2" name="NewTest" time="7.066" errors="0" timestamp="2022-10-20T15:47:09 IST" skipped="0">
  <testcase classname="NewTest" name="calculate" time="4.176"/>
  <system-out/>
  <testcase classname="NewTest" name="openJenkins" time="2.890"/>
  <system-out/>
</testsuite> <!-- NewTest -->
